<?xml version="1.0" encoding="UTF-8"?>
<!-- Generated by org.testng.reporters.JUnitReportReporter -->
<testsuite hostname="DESKTOP-C8J3BBC" failures="0" tests="2" name="qaclickacademy.Mavenjava.RestAPITest" time="0.004" errors="0" timestamp="2021-08-25T15:55:02 UYT" skipped="0">
  <testcase classname="qaclickacademy.Mavenjava.RestAPITest" name="DeleteTwitter" time="0.004"/>
  <system-out/>
  <testcase classname="qaclickacademy.Mavenjava.RestAPITest" name="PostJira" time="0.000"/>
  <system-out/>
</testsuite> <!-- qaclickacademy.Mavenjava.RestAPITest -->
